2019-07-22 15:29:26,659 p=24503 u=rgdacosta |  playbook: playbook.yml
2019-07-22 15:29:34,406 p=24517 u=rgdacosta |  PLAY [Manage software] ***************************************************************************************************************
2019-07-22 15:29:34,413 p=24517 u=rgdacosta |  TASK [Gathering Facts] ***************************************************************************************************************
2019-07-22 15:29:36,052 p=24517 u=rgdacosta |  ok: [dev]
2019-07-22 15:29:36,076 p=24517 u=rgdacosta |  TASK [Ensure  is] ********************************************************************************************************************
2019-07-22 15:29:36,868 p=24517 u=rgdacosta |  fatal: [dev]: FAILED! => {"changed": false, "msg": "value of state must be one of: absent, installed, latest, present, removed, got: None"}
2019-07-22 15:29:36,869 p=24517 u=rgdacosta |  PLAY RECAP ***************************************************************************************************************************
2019-07-22 15:29:36,870 p=24517 u=rgdacosta |  dev                        : ok=1    changed=0    unreachable=0    failed=1    skipped=0    rescued=0    ignored=0   
2019-07-22 15:30:10,484 p=24562 u=rgdacosta |  PLAY [Manage software] ***************************************************************************************************************
2019-07-22 15:30:10,493 p=24562 u=rgdacosta |  TASK [Gathering Facts] ***************************************************************************************************************
2019-07-22 15:30:11,760 p=24562 u=rgdacosta |  ok: [dev]
2019-07-22 15:30:11,785 p=24562 u=rgdacosta |  TASK [Ensure nmap is latest] *********************************************************************************************************
2019-07-22 15:31:07,386 p=24562 u=rgdacosta |  changed: [dev]
2019-07-22 15:31:07,390 p=24562 u=rgdacosta |  PLAY RECAP ***************************************************************************************************************************
2019-07-22 15:31:07,390 p=24562 u=rgdacosta |  dev                        : ok=2    changed=1    unreachable=0    failed=0    skipped=0    rescued=0    ignored=0   
2019-07-22 15:39:48,133 p=24633 u=rgdacosta |  PLAY [Manage software] ***************************************************************************************************************
2019-07-22 15:39:48,140 p=24633 u=rgdacosta |  TASK [Gathering Facts] ***************************************************************************************************************
2019-07-22 15:39:50,874 p=24633 u=rgdacosta |  ok: [dev]
2019-07-22 15:39:50,897 p=24633 u=rgdacosta |  TASK [Ensure  is] ********************************************************************************************************************
2019-07-22 15:39:51,709 p=24633 u=rgdacosta |  fatal: [dev]: FAILED! => {"changed": false, "msg": "value of state must be one of: absent, installed, latest, present, removed, got: "}
2019-07-22 15:39:51,711 p=24633 u=rgdacosta |  PLAY RECAP ***************************************************************************************************************************
2019-07-22 15:39:51,711 p=24633 u=rgdacosta |  dev                        : ok=1    changed=0    unreachable=0    failed=1    skipped=0    rescued=0    ignored=0   
2019-07-22 15:41:47,839 p=24736 u=rgdacosta |  PLAY [Manage software] ***************************************************************************************************************
2019-07-22 15:41:47,846 p=24736 u=rgdacosta |  TASK [Gathering Facts] ***************************************************************************************************************
2019-07-22 15:41:49,378 p=24736 u=rgdacosta |  ok: [dev]
2019-07-22 15:41:49,402 p=24736 u=rgdacosta |  TASK [Ensure  is] ********************************************************************************************************************
2019-07-22 15:41:50,113 p=24736 u=rgdacosta |  fatal: [dev]: FAILED! => {"changed": false, "msg": "value of state must be one of: absent, installed, latest, present, removed, got: "}
2019-07-22 15:41:50,115 p=24736 u=rgdacosta |  PLAY RECAP ***************************************************************************************************************************
2019-07-22 15:41:50,115 p=24736 u=rgdacosta |  dev                        : ok=1    changed=0    unreachable=0    failed=1    skipped=0    rescued=0    ignored=0   
2019-07-22 15:44:04,130 p=24792 u=rgdacosta |  PLAY [Manage software] ***************************************************************************************************************
2019-07-22 15:44:04,137 p=24792 u=rgdacosta |  TASK [Gathering Facts] ***************************************************************************************************************
2019-07-22 15:44:05,676 p=24792 u=rgdacosta |  ok: [dev]
2019-07-22 15:44:05,700 p=24792 u=rgdacosta |  TASK [Ensure  is] ********************************************************************************************************************
2019-07-22 15:44:12,765 p=24792 u=rgdacosta |  ok: [dev]
2019-07-22 15:44:12,768 p=24792 u=rgdacosta |  PLAY RECAP ***************************************************************************************************************************
2019-07-22 15:44:12,768 p=24792 u=rgdacosta |  dev                        : ok=2    changed=0    unreachable=0    failed=0    skipped=0    rescued=0    ignored=0   
2019-07-22 15:44:43,212 p=24845 u=rgdacosta |  ansible-playbook 2.8.2
  config file = /Users/rgdacosta/git/basic_ansible_examples/linux/ej_install_sw/ansible.cfg
  configured module search path = [u'/Users/rgdacosta/.ansible/plugins/modules', u'/usr/share/ansible/plugins/modules']
  ansible python module location = /Library/Python/2.7/site-packages/ansible
  executable location = /usr/local/bin/ansible-playbook
  python version = 2.7.10 (default, Feb 22 2019, 21:55:15) [GCC 4.2.1 Compatible Apple LLVM 10.0.1 (clang-1001.0.37.14)]
2019-07-22 15:44:43,212 p=24845 u=rgdacosta |  Using /Users/rgdacosta/git/basic_ansible_examples/linux/ej_install_sw/ansible.cfg as config file
2019-07-22 15:44:44,278 p=24845 u=rgdacosta |  PLAYBOOK: playbook.yml ***************************************************************************************************************
2019-07-22 15:44:44,278 p=24845 u=rgdacosta |  1 plays in playbook.yml
2019-07-22 15:44:44,289 p=24845 u=rgdacosta |  PLAY [Manage software] ***************************************************************************************************************
2019-07-22 15:44:44,296 p=24845 u=rgdacosta |  TASK [Gathering Facts] ***************************************************************************************************************
2019-07-22 15:44:44,296 p=24845 u=rgdacosta |  task path: /Users/rgdacosta/git/basic_ansible_examples/linux/ej_install_sw/playbook.yml:1
2019-07-22 15:44:46,523 p=24845 u=rgdacosta |  ok: [dev]
2019-07-22 15:44:46,524 p=24845 u=rgdacosta |  META: ran handlers
2019-07-22 15:44:46,549 p=24845 u=rgdacosta |  TASK [Ensure  is] ********************************************************************************************************************
2019-07-22 15:44:46,550 p=24845 u=rgdacosta |  task path: /Users/rgdacosta/git/basic_ansible_examples/linux/ej_install_sw/playbook.yml:9
2019-07-22 15:44:53,625 p=24845 u=rgdacosta |  ok: [dev] => {"changed": false, "msg": "", "rc": 0, "results": ["yum-3.4.3-161.el7.noarch providing yum is already installed"]}
2019-07-22 15:44:53,627 p=24845 u=rgdacosta |  META: ran handlers
2019-07-22 15:44:53,628 p=24845 u=rgdacosta |  META: ran handlers
2019-07-22 15:44:53,630 p=24845 u=rgdacosta |  PLAY RECAP ***************************************************************************************************************************
2019-07-22 15:44:53,630 p=24845 u=rgdacosta |  dev                        : ok=2    changed=0    unreachable=0    failed=0    skipped=0    rescued=0    ignored=0   
2019-07-22 15:46:06,618 p=24889 u=rgdacosta |  PLAY [Manage software] ***************************************************************************************************************
2019-07-22 15:46:06,625 p=24889 u=rgdacosta |  TASK [Gathering Facts] ***************************************************************************************************************
2019-07-22 15:46:07,058 p=24889 u=rgdacosta |   [ERROR]: User interrupted execution

2019-07-22 15:46:10,968 p=24917 u=rgdacosta |  ansible-playbook 2.8.2
  config file = /Users/rgdacosta/git/basic_ansible_examples/linux/ej_install_sw/ansible.cfg
  configured module search path = [u'/Users/rgdacosta/.ansible/plugins/modules', u'/usr/share/ansible/plugins/modules']
  ansible python module location = /Library/Python/2.7/site-packages/ansible
  executable location = /usr/local/bin/ansible-playbook
  python version = 2.7.10 (default, Feb 22 2019, 21:55:15) [GCC 4.2.1 Compatible Apple LLVM 10.0.1 (clang-1001.0.37.14)]
2019-07-22 15:46:10,969 p=24917 u=rgdacosta |  Using /Users/rgdacosta/git/basic_ansible_examples/linux/ej_install_sw/ansible.cfg as config file
2019-07-22 15:46:12,042 p=24917 u=rgdacosta |  PLAYBOOK: playbook.yml ***************************************************************************************************************
2019-07-22 15:46:12,042 p=24917 u=rgdacosta |  1 plays in playbook.yml
2019-07-22 15:46:12,053 p=24917 u=rgdacosta |  PLAY [Manage software] ***************************************************************************************************************
2019-07-22 15:46:12,060 p=24917 u=rgdacosta |  TASK [Gathering Facts] ***************************************************************************************************************
2019-07-22 15:46:12,060 p=24917 u=rgdacosta |  task path: /Users/rgdacosta/git/basic_ansible_examples/linux/ej_install_sw/playbook.yml:1
2019-07-22 15:46:15,316 p=24917 u=rgdacosta |  ok: [dev]
2019-07-22 15:46:15,317 p=24917 u=rgdacosta |  META: ran handlers
2019-07-22 15:46:15,344 p=24917 u=rgdacosta |  TASK [Ensure  is latest] *************************************************************************************************************
2019-07-22 15:46:15,345 p=24917 u=rgdacosta |  task path: /Users/rgdacosta/git/basic_ansible_examples/linux/ej_install_sw/playbook.yml:9
2019-07-22 15:46:38,494 p=24917 u=rgdacosta |  ok: [dev] => {"changed": false, "changes": {"installed": [], "updated": []}, "msg": "", "rc": 0, "results": ["All packages providing yum are up to date", ""]}
2019-07-22 15:46:38,495 p=24917 u=rgdacosta |  META: ran handlers
2019-07-22 15:46:38,496 p=24917 u=rgdacosta |  META: ran handlers
2019-07-22 15:46:38,497 p=24917 u=rgdacosta |  PLAY RECAP ***************************************************************************************************************************
2019-07-22 15:46:38,498 p=24917 u=rgdacosta |  dev                        : ok=2    changed=0    unreachable=0    failed=0    skipped=0    rescued=0    ignored=0   
